2026-07-23 12:49:28,120 [INFO] QuantForge.PaperSessionRunner: Starting paper trading session CLI demonstration for BTC/USDT...
2026-07-23 12:49:28,481 [INFO] QuantForge.PaperSessionRunner: Initializing QuantForgeContainer dependencies...
2026-07-23 12:49:28,482 [INFO] QuantForge.PaperSessionRunner: Session coordinator initialized. Starting session...
2026-07-23 12:49:28,482 [INFO] QuantForge.Coordinator: Initializing integrated paper trading coordinator...
2026-07-23 12:49:28,482 [INFO] QuantForge.RuntimeApplication: Session started.
2026-07-23 12:49:28,482 [INFO] QuantForge.Coordinator: Session started. Warming up...
2026-07-23 12:49:28,482 [INFO] QuantForge.PaperSessionRunner: Stepping trading cycle 5 times...
2026-07-23 12:49:28,482 [INFO] QuantForge.PaperSessionRunner: --- Step 1/5 (Price: 60060.00) ---
2026-07-23 12:49:28,482 [INFO] QuantForge.RuntimeApplication: Cycle warm-up execution.
2026-07-23 12:49:28,483 [INFO] QuantForge.Coordinator: Feature runtime warming up for BTCUSDT. Skipping downstream engines.
2026-07-23 12:49:28,983 [INFO] QuantForge.PaperSessionRunner: --- Step 2/5 (Price: 60060.00) ---
2026-07-23 12:49:28,983 [INFO] QuantForge.Coordinator: Warmup complete. Session transitioned to RUNNING status.
2026-07-23 12:49:28,984 [INFO] quantforge.decision.telemetry: [Decision Telemetry Audit] {'fusion_id': '0f7b0f0d-f4b5-4ac0-a933-36ab56f11cd7', 'symbol': 'BTCUSDT', 'timeframe': '1m', 'policy_version': 'v1.0', 'ml_model_version': 'feature-runtime', 'intelligence_used': False, 'intelligence_age_seconds': None, 'agreement_score': 0.0, 'fusion_score': 0.8, 'resulting_direction': 'BULLISH', 'proposal_generated': True, 'rejection_reason': 'None', 'latency_ms': 0.030000010156072676}
2026-07-23 12:49:28,984 - QuantForge.RiskTelemetry - INFO - [RiskGuard] evaluated=2026-07-23T09:49:28.983841+00:00 | symbol=BTCUSDT | status=APPROVED | authorized_risk=0.005000 | latency=0.021ms | rules=[] | rejections=[]
2026-07-23 12:49:28,984 [INFO] QuantForge.RiskTelemetry: [RiskGuard] evaluated=2026-07-23T09:49:28.983841+00:00 | symbol=BTCUSDT | status=APPROVED | authorized_risk=0.005000 | latency=0.021ms | rules=[] | rejections=[]
2026-07-23 12:49:28,984 [INFO] QuantForge.PositionSizingTelemetry: [PositionSizing APPROVED] ID: 0b3484c4-d473-456f-a8bc-2d2a56595dbf | Proposal: d276d681-74de-4d1c-9388-db98e05252a1 | Symbol: BTCUSDT | Direction: BULLISH | Qty: 0.416000 | Notional: 24984.96 | Risk Amt: 499.70 (Auth: 0.50%) | Est. Margin: 24984.96 @ 1.0x | Latency: 0.04ms
[2026-07-23 12:49:28,984] [INFO] [QuantForge.ExecutionAuthorization] Execution AUTHORIZED: Intent 35084a71-0a1b-4db3-9c81-b777fb4007f3 | Proposal d276d681-74de-4d1c-9388-db98e05252a1 | Symbol BTCUSDT | Direction BUY | Qty 0.416 | Latency 0.04ms
2026-07-23 12:49:28,984 [INFO] QuantForge.ExecutionAuthorization: Execution AUTHORIZED: Intent 35084a71-0a1b-4db3-9c81-b777fb4007f3 | Proposal d276d681-74de-4d1c-9388-db98e05252a1 | Symbol BTCUSDT | Direction BUY | Qty 0.416 | Latency 0.04ms
2026-07-23 12:49:28,984 [INFO] QuantForge.ExecutionAdapter: Execution FILLED: ID d372ce4f-b1ca-44d4-aa57-ad0558c93ee9 | Intent 35084a71-0a1b-4db3-9c81-b777fb4007f3 | Proposal d276d681-74de-4d1c-9388-db98e05252a1 | Symbol BTCUSDT | Direction BUY | Qty 0.416/0.416 | Avg Price 60091.0305 | Fees 24.9979 | Slippage 12.4927 | Latency 0.01ms
[2026-07-23 12:49:28,984] [TradingCycleOrchestrator] [INFO] Cycle ID: 0858f220-300d-4259-9834-b846455c99f3 | Symbol: BTCUSDT | Status: COMPLETED | Reached Stages: [intel=False, prop=True, risk=True, exec_auth=True, exec=True, portfolio=True, lifecycle=True] | Latency: 0.54ms
[PORTFOLIO TELEMETRY] [2026-07-23T09:49:28.984479Z] State updated: status=SUCCESS, equity=99975.0021, cash=99975.0021, margin=24997.8687, exposure(gross/net)=24997.8687/24997.8687, positions=1, latency=0.049ms
2026-07-23 12:49:28,984 [INFO] TradingCycleOrchestrator: Cycle ID: 0858f220-300d-4259-9834-b846455c99f3 | Symbol: BTCUSDT | Status: COMPLETED | Reached Stages: [intel=False, prop=True, risk=True, exec_auth=True, exec=True, portfolio=True, lifecycle=True] | Latency: 0.54ms
2026-07-23 12:49:28,984 [INFO] QuantForge.RuntimeApplication: Position opened successfully.
2026-07-23 12:49:28,984 [INFO] QuantForge.PaperSessionRunner: Cycle result status: COMPLETED
2026-07-23 12:49:29,485 [INFO] QuantForge.PaperSessionRunner: --- Step 3/5 (Price: 60120.00) ---
2026-07-23 12:49:29,486 [INFO] QuantForge.PositionLifecycle: [PositionLifecycle] ID: 9dcfea99-20ff-4c80-8c8e-4091ab5353a6 | Pos: pos-c3dcb524-6405-4d17-9251-ce0056e8767b | Sym: BTCUSDT | Side: LONG | Price: 60120.0000 | SL: 58858.799999999996 | TP: None | Trailing: None | Trigger: NONE | ExitGen: False | Status: OPEN | Latency: 0.113ms
2026-07-23 12:49:29,487 [INFO] quantforge.decision.telemetry: [Decision Telemetry Audit] {'fusion_id': '70c4ee37-a6dd-4d2c-adfd-1bcef1bd1ab7', 'symbol': 'BTCUSDT', 'timeframe': '1m', 'policy_version': 'v1.0', 'ml_model_version': 'feature-runtime', 'intelligence_used': False, 'intelligence_age_seconds': None, 'agreement_score': 0.0, 'fusion_score': 0.8, 'resulting_direction': 'BULLISH', 'proposal_generated': True, 'rejection_reason': 'None', 'latency_ms': 0.07159999222494662}
2026-07-23 12:49:29,487 - QuantForge.RiskTelemetry - INFO - [RiskGuard] evaluated=2026-07-23T09:49:29.486376+00:00 | symbol=BTCUSDT | status=REJECTED | authorized_risk=0.000000 | latency=0.090ms | rules=['SYMBOL_EXPOSURE_GATE', 'SYMBOL_POSITIONS_GATE'] | rejections=['Symbol exposure limit violated: current=0.2500, limit=0.1000', 'Maximum open positions for symbol reached: current=1, limit=1']
2026-07-23 12:49:29,487 [INFO] QuantForge.RiskTelemetry: [RiskGuard] evaluated=2026-07-23T09:49:29.486376+00:00 | symbol=BTCUSDT | status=REJECTED | authorized_risk=0.000000 | latency=0.090ms | rules=['SYMBOL_EXPOSURE_GATE', 'SYMBOL_POSITIONS_GATE'] | rejections=['Symbol exposure limit violated: current=0.2500, limit=0.1000', 'Maximum open positions for symbol reached: current=1, limit=1']
[2026-07-23 12:49:29,487] [TradingCycleOrchestrator] [INFO] Cycle ID: 696a3edb-46dc-4d7d-b3b2-1773bbf77be7 | Symbol: BTCUSDT | Status: RISK_REJECTED | Reached Stages: [intel=False, prop=True, risk=False, exec_auth=False, exec=False, portfolio=False, lifecycle=False] | Latency: 0.57ms | Rejected at: RISK (Reason: Symbol exposure limit violated: current=0.2500, limit=0.1000; Maximum open positions for symbol reached: current=1, limit=1)
2026-07-23 12:49:29,487 [INFO] TradingCycleOrchestrator: Cycle ID: 696a3edb-46dc-4d7d-b3b2-1773bbf77be7 | Symbol: BTCUSDT | Status: RISK_REJECTED | Reached Stages: [intel=False, prop=True, risk=False, exec_auth=False, exec=False, portfolio=False, lifecycle=False] | Latency: 0.57ms | Rejected at: RISK (Reason: Symbol exposure limit violated: current=0.2500, limit=0.1000; Maximum open positions for symbol reached: current=1, limit=1)
2026-07-23 12:49:29,488 [WARNING] QuantForge.RuntimeApplication: Risk guard evaluation rejected.
2026-07-23 12:49:29,488 [INFO] QuantForge.PaperSessionRunner: Cycle result status: RISK_REJECTED
2026-07-23 12:49:29,988 [INFO] QuantForge.PaperSessionRunner: --- Step 4/5 (Price: 60135.00) ---
2026-07-23 12:49:29,989 [INFO] QuantForge.PositionLifecycle: [PositionLifecycle] ID: 9dcfea99-20ff-4c80-8c8e-4091ab5353a6 | Pos: pos-c3dcb524-6405-4d17-9251-ce0056e8767b | Sym: BTCUSDT | Side: LONG | Price: 60135.0000 | SL: 58858.799999999996 | TP: None | Trailing: None | Trigger: NONE | ExitGen: False | Status: OPEN | Latency: 0.054ms
2026-07-23 12:49:29,989 [INFO] quantforge.decision.telemetry: [Decision Telemetry Audit] {'fusion_id': 'ad7a67a2-4fcc-4022-815c-5565f7a8eb8f', 'symbol': 'BTCUSDT', 'timeframe': '1m', 'policy_version': 'v1.0', 'ml_model_version': 'feature-runtime', 'intelligence_used': False, 'intelligence_age_seconds': None, 'agreement_score': 0.0, 'fusion_score': 0.8, 'resulting_direction': 'BULLISH', 'proposal_generated': True, 'rejection_reason': 'None', 'latency_ms': 0.04189999890513718}
2026-07-23 12:49:29,989 - QuantForge.RiskTelemetry - INFO - [RiskGuard] evaluated=2026-07-23T09:49:29.989199+00:00 | symbol=BTCUSDT | status=REJECTED | authorized_risk=0.000000 | latency=0.031ms | rules=['SYMBOL_EXPOSURE_GATE', 'SYMBOL_POSITIONS_GATE'] | rejections=['Symbol exposure limit violated: current=0.2500, limit=0.1000', 'Maximum open positions for symbol reached: current=1, limit=1']
2026-07-23 12:49:29,989 [INFO] QuantForge.RiskTelemetry: [RiskGuard] evaluated=2026-07-23T09:49:29.989199+00:00 | symbol=BTCUSDT | status=REJECTED | authorized_risk=0.000000 | latency=0.031ms | rules=['SYMBOL_EXPOSURE_GATE', 'SYMBOL_POSITIONS_GATE'] | rejections=['Symbol exposure limit violated: current=0.2500, limit=0.1000', 'Maximum open positions for symbol reached: current=1, limit=1']
[2026-07-23 12:49:29,989] [TradingCycleOrchestrator] [INFO] Cycle ID: a19c62b4-4327-4bc6-9a43-37bbe496680a | Symbol: BTCUSDT | Status: RISK_REJECTED | Reached Stages: [intel=False, prop=True, risk=False, exec_auth=False, exec=False, portfolio=False, lifecycle=False] | Latency: 0.28ms | Rejected at: RISK (Reason: Symbol exposure limit violated: current=0.2500, limit=0.1000; Maximum open positions for symbol reached: current=1, limit=1)
2026-07-23 12:49:29,989 [INFO] TradingCycleOrchestrator: Cycle ID: a19c62b4-4327-4bc6-9a43-37bbe496680a | Symbol: BTCUSDT | Status: RISK_REJECTED | Reached Stages: [intel=False, prop=True, risk=False, exec_auth=False, exec=False, portfolio=False, lifecycle=False] | Latency: 0.28ms | Rejected at: RISK (Reason: Symbol exposure limit violated: current=0.2500, limit=0.1000; Maximum open positions for symbol reached: current=1, limit=1)
2026-07-23 12:49:29,989 [WARNING] QuantForge.RuntimeApplication: Risk guard evaluation rejected.
2026-07-23 12:49:29,990 [INFO] QuantForge.PaperSessionRunner: Cycle result status: RISK_REJECTED
2026-07-23 12:49:30,490 [INFO] QuantForge.PaperSessionRunner: --- Step 5/5 (Price: 60085.00) ---
2026-07-23 12:49:30,490 [INFO] QuantForge.PositionLifecycle: [PositionLifecycle] ID: 9dcfea99-20ff-4c80-8c8e-4091ab5353a6 | Pos: pos-c3dcb524-6405-4d17-9251-ce0056e8767b | Sym: BTCUSDT | Side: LONG | Price: 60085.0000 | SL: 58858.799999999996 | TP: None | Trailing: None | Trigger: NONE | ExitGen: False | Status: OPEN | Latency: 0.035ms
2026-07-23 12:49:30,490 [INFO] quantforge.decision.telemetry: [Decision Telemetry Audit] {'fusion_id': '1d0428c3-4d43-4d75-adc4-45f189192f3a', 'symbol': 'BTCUSDT', 'timeframe': '1m', 'policy_version': 'v1.0', 'ml_model_version': 'feature-runtime', 'intelligence_used': False, 'intelligence_age_seconds': None, 'agreement_score': 0.0, 'fusion_score': 0.8, 'resulting_direction': 'BULLISH', 'proposal_generated': True, 'rejection_reason': 'None', 'latency_ms': 0.02510000194888562}
2026-07-23 12:49:30,490 - QuantForge.RiskTelemetry - INFO - [RiskGuard] evaluated=2026-07-23T09:49:30.490541+00:00 | symbol=BTCUSDT | status=REJECTED | authorized_risk=0.000000 | latency=0.018ms | rules=['SYMBOL_EXPOSURE_GATE', 'SYMBOL_POSITIONS_GATE'] | rejections=['Symbol exposure limit violated: current=0.2500, limit=0.1000', 'Maximum open positions for symbol reached: current=1, limit=1']
2026-07-23 12:49:30,490 [INFO] QuantForge.RiskTelemetry: [RiskGuard] evaluated=2026-07-23T09:49:30.490541+00:00 | symbol=BTCUSDT | status=REJECTED | authorized_risk=0.000000 | latency=0.018ms | rules=['SYMBOL_EXPOSURE_GATE', 'SYMBOL_POSITIONS_GATE'] | rejections=['Symbol exposure limit violated: current=0.2500, limit=0.1000', 'Maximum open positions for symbol reached: current=1, limit=1']
[2026-07-23 12:49:30,491] [TradingCycleOrchestrator] [INFO] Cycle ID: 95aa408f-e727-40b2-aa50-2968299dc1b1 | Symbol: BTCUSDT | Status: RISK_REJECTED | Reached Stages: [intel=False, prop=True, risk=False, exec_auth=False, exec=False, portfolio=False, lifecycle=False] | Latency: 0.17ms | Rejected at: RISK (Reason: Symbol exposure limit violated: current=0.2500, limit=0.1000; Maximum open positions for symbol reached: current=1, limit=1)
2026-07-23 12:49:30,491 [INFO] TradingCycleOrchestrator: Cycle ID: 95aa408f-e727-40b2-aa50-2968299dc1b1 | Symbol: BTCUSDT | Status: RISK_REJECTED | Reached Stages: [intel=False, prop=True, risk=False, exec_auth=False, exec=False, portfolio=False, lifecycle=False] | Latency: 0.17ms | Rejected at: RISK (Reason: Symbol exposure limit violated: current=0.2500, limit=0.1000; Maximum open positions for symbol reached: current=1, limit=1)
2026-07-23 12:49:30,491 [WARNING] QuantForge.RuntimeApplication: Risk guard evaluation rejected.
2026-07-23 12:49:30,491 [INFO] QuantForge.PaperSessionRunner: Cycle result status: RISK_REJECTED
2026-07-23 12:49:30,991 [INFO] QuantForge.PaperSessionRunner: Simulation complete. Stopping session...
2026-07-23 12:49:30,991 [INFO] QuantForge.Coordinator: Stopping session. Reason: CLI loop iteration finish...
2026-07-23 12:49:30,991 [INFO] QuantForge.RuntimeApplication: Session completed successfully in 2509.50ms.
2026-07-23 12:49:30,992 [INFO] QuantForge.Coordinator: Session stopped. Realized PnL: 0.00
2026-07-23 12:49:30,992 [INFO] QuantForge.PaperSessionRunner: ==================================================
2026-07-23 12:49:30,992 [INFO] QuantForge.PaperSessionRunner: SESSION RUN SUMMARY:
2026-07-23 12:49:30,992 [INFO] QuantForge.PaperSessionRunner: Session ID: b7c1d00a-d2e7-4418-afb5-aac04feea1e2
2026-07-23 12:49:30,992 [INFO] QuantForge.PaperSessionRunner: Total Cycles Executed: 5
2026-07-23 12:49:30,992 [INFO] QuantForge.PaperSessionRunner: Realized PnL: 0.00
2026-07-23 12:49:30,992 [INFO] QuantForge.PaperSessionRunner: Final Portfolio Equity: 99975.00
2026-07-23 12:49:30,992 [INFO] QuantForge.PaperSessionRunner: Realized Fees: 25.00
2026-07-23 12:49:30,992 [INFO] QuantForge.PaperSessionRunner: ==================================================
